<?xml version="1.0" encoding="UTF-8"?>
<testng-results skipped="0" failed="0" total="1" passed="1">
  <reporter-output>
  </reporter-output>
  <suite name="Default suite" duration-ms="204868" started-at="2019-04-26T09:45:59Z" finished-at="2019-04-26T09:49:24Z">
    <groups>
    </groups>
    <test name="Default test" duration-ms="204868" started-at="2019-04-26T09:45:59Z" finished-at="2019-04-26T09:49:24Z">
      <class name="mmtTest.mmtFlightPageTest">
        <test-method status="PASS" signature="setupTest()[pri:0, instance:mmtTest.mmtFlightPageTest@3b1d11]" name="setupTest" is-config="true" duration-ms="198218" started-at="2019-04-26T15:15:59Z" finished-at="2019-04-26T15:19:17Z">
          <reporter-output>
          </reporter-output>
        </test-method> <!-- setupTest -->
        <test-method status="PASS" signature="ValidatepriceTest()[pri:0, instance:mmtTest.mmtFlightPageTest@3b1d11]" name="ValidatepriceTest" duration-ms="5212" started-at="2019-04-26T15:19:17Z" finished-at="2019-04-26T15:19:23Z">
          <reporter-output>
          </reporter-output>
        </test-method> <!-- ValidatepriceTest -->
        <test-method status="PASS" signature="teardown()[pri:0, instance:mmtTest.mmtFlightPageTest@3b1d11]" name="teardown" is-config="true" duration-ms="1390" started-at="2019-04-26T15:19:23Z" finished-at="2019-04-26T15:19:24Z">
          <reporter-output>
          </reporter-output>
        </test-method> <!-- teardown -->
      </class> <!-- mmtTest.mmtFlightPageTest -->
    </test> <!-- Default test -->
  </suite> <!-- Default suite -->
</testng-results>
