<?xml version="1.0" encoding="UTF-8"?>
<testng-results skipped="0" failed="0" total="1" passed="1">
  <reporter-output>
  </reporter-output>
  <suite name="Default suite" duration-ms="59936" started-at="2019-04-27T12:15:38Z" finished-at="2019-04-27T12:16:38Z">
    <groups>
    </groups>
    <test name="Default test" duration-ms="59936" started-at="2019-04-27T12:15:38Z" finished-at="2019-04-27T12:16:38Z">
      <class name="mmtTest.mmtFlightPageTest">
        <test-method status="PASS" signature="setupTest()[pri:0, instance:mmtTest.mmtFlightPageTest@82f6ef]" name="setupTest" is-config="true" duration-ms="56269" started-at="2019-04-27T17:45:38Z" finished-at="2019-04-27T17:46:34Z">
          <reporter-output>
          </reporter-output>
        </test-method> <!-- setupTest -->
        <test-method status="PASS" signature="ValidatepriceTest()[pri:0, instance:mmtTest.mmtFlightPageTest@82f6ef]" name="ValidatepriceTest" duration-ms="3620" started-at="2019-04-27T17:46:34Z" finished-at="2019-04-27T17:46:38Z">
          <reporter-output>
          </reporter-output>
        </test-method> <!-- ValidatepriceTest -->
      </class> <!-- mmtTest.mmtFlightPageTest -->
    </test> <!-- Default test -->
  </suite> <!-- Default suite -->
</testng-results>
